This file contains any messages produced by compilers while
running configure, to aid debugging if configure makes a mistake.

It was created by GNU cflow configure 1.0, which was
generated by GNU Autoconf 2.59.  Invocation command line was

  $ ./configure 

## --------- ##
## Platform. ##
## --------- ##

hostname = ubuntu
uname -m = i686
uname -r = 3.0.0-12-generic
uname -s = Linux
uname -v = #20-Ubuntu SMP Fri Oct 7 14:50:42 UTC 2011

/usr/bin/uname -p = unknown
/bin/uname -X     = unknown

/bin/arch              = unknown
/usr/bin/arch -k       = unknown
/usr/convex/getsysinfo = unknown
hostinfo               = unknown
/bin/machine           = unknown
/usr/bin/oslevel       = unknown
/bin/universe          = unknown

PATH: /usr/lib/lightdm/lightdm
PATH: /usr/local/sbin
PATH: /usr/local/bin
PATH: /usr/sbin
PATH: /usr/bin
PATH: /sbin
PATH: /bin
PATH: /usr/games


## ----------- ##
## Core tests. ##
## ----------- ##

configure:1387: checking for a BSD-compatible install
configure:1442: result: /usr/bin/install -c
configure:1453: checking whether build environment is sane
configure:1496: result: yes
configure:1561: checking for gawk
configure:1590: result: no
configure:1561: checking for mawk
configure:1577: found /usr/bin/mawk
configure:1587: result: mawk
configure:1597: checking whether make sets $(MAKE)
configure:1617: result: yes
configure:1805: checking for style of include used by make
configure:1833: result: GNU
configure:1904: checking for gcc
configure:1920: found /usr/bin/gcc
configure:1930: result: gcc
configure:2174: checking for C compiler version
configure:2177: gcc --version </dev/null >&5
gcc (Ubuntu/Linaro 4.6.1-9ubuntu3) 4.6.1
Copyright (C) 2011 Free Software Foundation, Inc.
This is free software; see the source for copying conditions.  There is NO
warranty; not even for MERCHANTABILITY or FITNESS FOR A PARTICULAR PURPOSE.

configure:2180: $? = 0
configure:2182: gcc -v </dev/null >&5
Using built-in specs.
COLLECT_GCC=gcc
COLLECT_LTO_WRAPPER=/usr/lib/gcc/i686-linux-gnu/4.6.1/lto-wrapper
Target: i686-linux-gnu
Configured with: ../src/configure -v --with-pkgversion='Ubuntu/Linaro 4.6.1-9ubuntu3' --with-bugurl=file:///usr/share/doc/gcc-4.6/README.Bugs --enable-languages=c,c++,fortran,objc,obj-c++,go --prefix=/usr --program-suffix=-4.6 --enable-shared --enable-linker-build-id --with-system-zlib --libexecdir=/usr/lib --without-included-gettext --enable-threads=posix --with-gxx-include-dir=/usr/include/c++/4.6 --libdir=/usr/lib --enable-nls --with-sysroot=/ --enable-clocale=gnu --enable-libstdcxx-debug --enable-libstdcxx-time=yes --enable-plugin --enable-objc-gc --enable-targets=all --disable-werror --with-arch-32=i686 --with-tune=generic --enable-checking=release --build=i686-linux-gnu --host=i686-linux-gnu --target=i686-linux-gnu
Thread model: posix
gcc version 4.6.1 (Ubuntu/Linaro 4.6.1-9ubuntu3) 
configure:2185: $? = 0
configure:2187: gcc -V </dev/null >&5
gcc: error: unrecognized option '-V'
gcc: fatal error: no input files
compilation terminated.
configure:2190: $? = 4
configure:2213: checking for C compiler default output file name
configure:2216: gcc    conftest.c  >&5
configure:2219: $? = 0
configure:2265: result: a.out
configure:2270: checking whether the C compiler works
configure:2276: ./a.out
configure:2279: $? = 0
configure:2296: result: yes
configure:2303: checking whether we are cross compiling
configure:2305: result: no
configure:2308: checking for suffix of executables
configure:2310: gcc -o conftest    conftest.c  >&5
configure:2313: $? = 0
configure:2338: result: 
configure:2344: checking for suffix of object files
configure:2365: gcc -c   conftest.c >&5
configure:2368: $? = 0
configure:2390: result: o
configure:2394: checking whether we are using the GNU C compiler
configure:2418: gcc -c   conftest.c >&5
configure:2424: $? = 0
configure:2428: test -z 
			 || test ! -s conftest.err
configure:2431: $? = 0
configure:2434: test -s conftest.o
configure:2437: $? = 0
configure:2450: result: yes
configure:2456: checking whether gcc accepts -g
configure:2477: gcc -c -g  conftest.c >&5
configure:2483: $? = 0
configure:2487: test -z 
			 || test ! -s conftest.err
configure:2490: $? = 0
configure:2493: test -s conftest.o
configure:2496: $? = 0
configure:2507: result: yes
configure:2524: checking for gcc option to accept ANSI C
configure:2594: gcc  -c -g -O2  conftest.c >&5
configure:2600: $? = 0
configure:2604: test -z 
			 || test ! -s conftest.err
configure:2607: $? = 0
configure:2610: test -s conftest.o
configure:2613: $? = 0
configure:2631: result: none needed
configure:2649: gcc -c -g -O2  conftest.c >&5
conftest.c:2:3: error: unknown type name 'choke'
conftest.c:2:3: error: expected '=', ',', ';', 'asm' or '__attribute__' at end of input
configure:2655: $? = 1
configure: failed program was:
| #ifndef __cplusplus
|   choke me
| #endif
configure:2790: checking dependency style of gcc
configure:2880: result: gcc3
configure:2903: checking how to run the C preprocessor
configure:2938: gcc -E  conftest.c
configure:2944: $? = 0
configure:2976: gcc -E  conftest.c
conftest.c:12:28: fatal error: ac_nonexistent.h: No such file or directory
compilation terminated.
configure:2982: $? = 1
configure: failed program was:
| /* confdefs.h.  */
| 
| #define PACKAGE_NAME "GNU cflow"
| #define PACKAGE_TARNAME "cflow"
| #define PACKAGE_VERSION "1.0"
| #define PACKAGE_STRING "GNU cflow 1.0"
| #define PACKAGE_BUGREPORT "bug-cflow@gnu.org"
| #define PACKAGE "cflow"
| #define VERSION "1.0"
| #define _GNU_SOURCE 1
| /* end confdefs.h.  */
| #include <ac_nonexistent.h>
configure:3021: result: gcc -E
configure:3045: gcc -E  conftest.c
configure:3051: $? = 0
configure:3083: gcc -E  conftest.c
conftest.c:12:28: fatal error: ac_nonexistent.h: No such file or directory
compilation terminated.
configure:3089: $? = 1
configure: failed program was:
| /* confdefs.h.  */
| 
| #define PACKAGE_NAME "GNU cflow"
| #define PACKAGE_TARNAME "cflow"
| #define PACKAGE_VERSION "1.0"
| #define PACKAGE_STRING "GNU cflow 1.0"
| #define PACKAGE_BUGREPORT "bug-cflow@gnu.org"
| #define PACKAGE "cflow"
| #define VERSION "1.0"
| #define _GNU_SOURCE 1
| /* end confdefs.h.  */
| #include <ac_nonexistent.h>
configure:3133: checking for egrep
configure:3143: result: grep -E
configure:3149: checking for AIX
configure:3171: result: no
configure:3177: checking for ANSI C header files
configure:3202: gcc -c -g -O2  conftest.c >&5
configure:3208: $? = 0
configure:3212: test -z 
			 || test ! -s conftest.err
configure:3215: $? = 0
configure:3218: test -s conftest.o
configure:3221: $? = 0
configure:3310: gcc -o conftest -g -O2   conftest.c  >&5
conftest.c: In function 'main':
conftest.c:29:7: warning: incompatible implicit declaration of built-in function 'exit' [enabled by default]
configure:3313: $? = 0
configure:3315: ./conftest
configure:3318: $? = 0
configure:3333: result: yes
configure:3357: checking for sys/types.h
configure:3373: gcc -c -g -O2  conftest.c >&5
configure:3379: $? = 0
configure:3383: test -z 
			 || test ! -s conftest.err
configure:3386: $? = 0
configure:3389: test -s conftest.o
configure:3392: $? = 0
configure:3403: result: yes
configure:3357: checking for sys/stat.h
configure:3373: gcc -c -g -O2  conftest.c >&5
configure:3379: $? = 0
configure:3383: test -z 
			 || test ! -s conftest.err
configure:3386: $? = 0
configure:3389: test -s conftest.o
configure:3392: $? = 0
configure:3403: result: yes
configure:3357: checking for stdlib.h
configure:3373: gcc -c -g -O2  conftest.c >&5
configure:3379: $? = 0
configure:3383: test -z 
			 || test ! -s conftest.err
configure:3386: $? = 0
configure:3389: test -s conftest.o
configure:3392: $? = 0
configure:3403: result: yes
configure:3357: checking for string.h
configure:3373: gcc -c -g -O2  conftest.c >&5
configure:3379: $? = 0
configure:3383: test -z 
			 || test ! -s conftest.err
configure:3386: $? = 0
configure:3389: test -s conftest.o
configure:3392: $? = 0
configure:3403: result: yes
configure:3357: checking for memory.h
configure:3373: gcc -c -g -O2  conftest.c >&5
configure:3379: $? = 0
configure:3383: test -z 
			 || test ! -s conftest.err
configure:3386: $? = 0
configure:3389: test -s conftest.o
configure:3392: $? = 0
configure:3403: result: yes
configure:3357: checking for strings.h
configure:3373: gcc -c -g -O2  conftest.c >&5
configure:3379: $? = 0
configure:3383: test -z 
			 || test ! -s conftest.err
configure:3386: $? = 0
configure:3389: test -s conftest.o
configure:3392: $? = 0
configure:3403: result: yes
configure:3357: checking for inttypes.h
configure:3373: gcc -c -g -O2  conftest.c >&5
configure:3379: $? = 0
configure:3383: test -z 
			 || test ! -s conftest.err
configure:3386: $? = 0
configure:3389: test -s conftest.o
configure:3392: $? = 0
configure:3403: result: yes
configure:3357: checking for stdint.h
configure:3373: gcc -c -g -O2  conftest.c >&5
configure:3379: $? = 0
configure:3383: test -z 
			 || test ! -s conftest.err
configure:3386: $? = 0
configure:3389: test -s conftest.o
configure:3392: $? = 0
configure:3403: result: yes
configure:3357: checking for unistd.h
configure:3373: gcc -c -g -O2  conftest.c >&5
configure:3379: $? = 0
configure:3383: test -z 
			 || test ! -s conftest.err
configure:3386: $? = 0
configure:3389: test -s conftest.o
configure:3392: $? = 0
configure:3403: result: yes
configure:3425: checking minix/config.h usability
configure:3437: gcc -c -g -O2  conftest.c >&5
conftest.c:56:26: fatal error: minix/config.h: No such file or directory
compilation terminated.
configure:3443: $? = 1
configure: failed program was:
| /* confdefs.h.  */
| 
| #define PACKAGE_NAME "GNU cflow"
| #define PACKAGE_TARNAME "cflow"
| #define PACKAGE_VERSION "1.0"
| #define PACKAGE_STRING "GNU cflow 1.0"
| #define PACKAGE_BUGREPORT "bug-cflow@gnu.org"
| #define PACKAGE "cflow"
| #define VERSION "1.0"
| #define _GNU_SOURCE 1
| #define STDC_HEADERS 1
| #define HAVE_SYS_TYPES_H 1
| #define HAVE_SYS_STAT_H 1
| #define HAVE_STDLIB_H 1
| #define HAVE_STRING_H 1
| #define HAVE_MEMORY_H 1
| #define HAVE_STRINGS_H 1
| #define HAVE_INTTYPES_H 1
| #define HAVE_STDINT_H 1
| #define HAVE_UNISTD_H 1
| /* end confdefs.h.  */
| #include <stdio.h>
| #if HAVE_SYS_TYPES_H
| # include <sys/types.h>
| #endif
| #if HAVE_SYS_STAT_H
| # include <sys/stat.h>
| #endif
| #if STDC_HEADERS
| # include <stdlib.h>
| # include <stddef.h>
| #else
| # if HAVE_STDLIB_H
| #  include <stdlib.h>
| # endif
| #endif
| #if HAVE_STRING_H
| # if !STDC_HEADERS && HAVE_MEMORY_H
| #  include <memory.h>
| # endif
| # include <string.h>
| #endif
| #if HAVE_STRINGS_H
| # include <strings.h>
| #endif
| #if HAVE_INTTYPES_H
| # include <inttypes.h>
| #else
| # if HAVE_STDINT_H
| #  include <stdint.h>
| # endif
| #endif
| #if HAVE_UNISTD_H
| # include <unistd.h>
| #endif
| #include <minix/config.h>
configure:3466: result: no
configure:3470: checking minix/config.h presence
configure:3480: gcc -E  conftest.c
conftest.c:22:26: fatal error: minix/config.h: No such file or directory
compilation terminated.
configure:3486: $? = 1
configure: failed program was:
| /* confdefs.h.  */
| 
| #define PACKAGE_NAME "GNU cflow"
| #define PACKAGE_TARNAME "cflow"
| #define PACKAGE_VERSION "1.0"
| #define PACKAGE_STRING "GNU cflow 1.0"
| #define PACKAGE_BUGREPORT "bug-cflow@gnu.org"
| #define PACKAGE "cflow"
| #define VERSION "1.0"
| #define _GNU_SOURCE 1
| #define STDC_HEADERS 1
| #define HAVE_SYS_TYPES_H 1
| #define HAVE_SYS_STAT_H 1
| #define HAVE_STDLIB_H 1
| #define HAVE_STRING_H 1
| #define HAVE_MEMORY_H 1
| #define HAVE_STRINGS_H 1
| #define HAVE_INTTYPES_H 1
| #define HAVE_STDINT_H 1
| #define HAVE_UNISTD_H 1
| /* end confdefs.h.  */
| #include <minix/config.h>
configure:3506: result: no
configure:3541: checking for minix/config.h
configure:3548: result: no
configure:3640: checking for gcc
configure:3666: result: gcc
configure:3910: checking for C compiler version
configure:3913: gcc --version </dev/null >&5
gcc (Ubuntu/Linaro 4.6.1-9ubuntu3) 4.6.1
Copyright (C) 2011 Free Software Foundation, Inc.
This is free software; see the source for copying conditions.  There is NO
warranty; not even for MERCHANTABILITY or FITNESS FOR A PARTICULAR PURPOSE.

configure:3916: $? = 0
configure:3918: gcc -v </dev/null >&5
Using built-in specs.
COLLECT_GCC=gcc
COLLECT_LTO_WRAPPER=/usr/lib/gcc/i686-linux-gnu/4.6.1/lto-wrapper
Target: i686-linux-gnu
Configured with: ../src/configure -v --with-pkgversion='Ubuntu/Linaro 4.6.1-9ubuntu3' --with-bugurl=file:///usr/share/doc/gcc-4.6/README.Bugs --enable-languages=c,c++,fortran,objc,obj-c++,go --prefix=/usr --program-suffix=-4.6 --enable-shared --enable-linker-build-id --with-system-zlib --libexecdir=/usr/lib --without-included-gettext --enable-threads=posix --with-gxx-include-dir=/usr/include/c++/4.6 --libdir=/usr/lib --enable-nls --with-sysroot=/ --enable-clocale=gnu --enable-libstdcxx-debug --enable-libstdcxx-time=yes --enable-plugin --enable-objc-gc --enable-targets=all --disable-werror --with-arch-32=i686 --with-tune=generic --enable-checking=release --build=i686-linux-gnu --host=i686-linux-gnu --target=i686-linux-gnu
Thread model: posix
gcc version 4.6.1 (Ubuntu/Linaro 4.6.1-9ubuntu3) 
configure:3921: $? = 0
configure:3923: gcc -V </dev/null >&5
gcc: error: unrecognized option '-V'
gcc: fatal error: no input files
compilation terminated.
configure:3926: $? = 4
configure:3929: checking whether we are using the GNU C compiler
configure:3985: result: yes
configure:3991: checking whether gcc accepts -g
configure:4042: result: yes
configure:4059: checking for gcc option to accept ANSI C
configure:4166: result: none needed
configure:4184: gcc -c -g -O2  conftest.c >&5
conftest.c:2:3: error: unknown type name 'choke'
conftest.c:2:3: error: expected '=', ',', ';', 'asm' or '__attribute__' at end of input
configure:4190: $? = 1
configure: failed program was:
| #ifndef __cplusplus
|   choke me
| #endif
configure:4325: checking dependency style of gcc
configure:4415: result: gcc3
configure:4436: checking for flex
configure:4465: result: no
configure:4436: checking for lex
configure:4465: result: no
configure:4475: checking for yywrap in -lfl
configure:4505: gcc -o conftest -g -O2   conftest.c -lfl   >&5
/usr/bin/ld: cannot find -lfl
collect2: ld returned 1 exit status
configure:4511: $? = 1
configure: failed program was:
| /* confdefs.h.  */
| 
| #define PACKAGE_NAME "GNU cflow"
| #define PACKAGE_TARNAME "cflow"
| #define PACKAGE_VERSION "1.0"
| #define PACKAGE_STRING "GNU cflow 1.0"
| #define PACKAGE_BUGREPORT "bug-cflow@gnu.org"
| #define PACKAGE "cflow"
| #define VERSION "1.0"
| #define _GNU_SOURCE 1
| #define STDC_HEADERS 1
| #define HAVE_SYS_TYPES_H 1
| #define HAVE_SYS_STAT_H 1
| #define HAVE_STDLIB_H 1
| #define HAVE_STRING_H 1
| #define HAVE_MEMORY_H 1
| #define HAVE_STRINGS_H 1
| #define HAVE_INTTYPES_H 1
| #define HAVE_STDINT_H 1
| #define HAVE_UNISTD_H 1
| #define __EXTENSIONS__ 1
| /* end confdefs.h.  */
| 
| /* Override any gcc2 internal prototype to avoid an error.  */
| #ifdef __cplusplus
| extern "C"
| #endif
| /* We use char because int might match the return type of a gcc2
|    builtin and then its argument prototype would still apply.  */
| char yywrap ();
| int
| main ()
| {
| yywrap ();
|   ;
|   return 0;
| }
configure:4537: result: no
configure:4542: checking for yywrap in -ll
configure:4572: gcc -o conftest -g -O2   conftest.c -ll   >&5
/usr/bin/ld: cannot find -ll
collect2: ld returned 1 exit status
configure:4578: $? = 1
configure: failed program was:
| /* confdefs.h.  */
| 
| #define PACKAGE_NAME "GNU cflow"
| #define PACKAGE_TARNAME "cflow"
| #define PACKAGE_VERSION "1.0"
| #define PACKAGE_STRING "GNU cflow 1.0"
| #define PACKAGE_BUGREPORT "bug-cflow@gnu.org"
| #define PACKAGE "cflow"
| #define VERSION "1.0"
| #define _GNU_SOURCE 1
| #define STDC_HEADERS 1
| #define HAVE_SYS_TYPES_H 1
| #define HAVE_SYS_STAT_H 1
| #define HAVE_STDLIB_H 1
| #define HAVE_STRING_H 1
| #define HAVE_MEMORY_H 1
| #define HAVE_STRINGS_H 1
| #define HAVE_INTTYPES_H 1
| #define HAVE_STDINT_H 1
| #define HAVE_UNISTD_H 1
| #define __EXTENSIONS__ 1
| /* end confdefs.h.  */
| 
| /* Override any gcc2 internal prototype to avoid an error.  */
| #ifdef __cplusplus
| extern "C"
| #endif
| /* We use char because int might match the return type of a gcc2
|    builtin and then its argument prototype would still apply.  */
| char yywrap ();
| int
| main ()
| {
| yywrap ();
|   ;
|   return 0;
| }
configure:4604: result: no
configure:4747: checking for ranlib
configure:4763: found /usr/bin/ranlib
configure:4774: result: ranlib
configure:4788: checking for ANSI C header files
configure:4944: result: yes
configure:4962: checking for stdlib.h
configure:4967: result: yes
configure:4962: checking for string.h
configure:4967: result: yes
configure:4962: checking for unistd.h
configure:4967: result: yes
configure:4971: checking locale.h usability
configure:4983: gcc -c -g -O2  conftest.c >&5
configure:4989: $? = 0
configure:4993: test -z 
			 || test ! -s conftest.err
configure:4996: $? = 0
configure:4999: test -s conftest.o
configure:5002: $? = 0
configure:5012: result: yes
configure:5016: checking locale.h presence
configure:5026: gcc -E  conftest.c
configure:5032: $? = 0
configure:5052: result: yes
configure:5087: checking for locale.h
configure:5094: result: yes
configure:5109: checking for error_at_line
configure:5130: gcc -o conftest -g -O2   conftest.c  >&5
configure:5136: $? = 0
configure:5140: test -z 
			 || test ! -s conftest.err
configure:5143: $? = 0
configure:5146: test -s conftest
configure:5149: $? = 0
configure:5161: result: yes
configure:5183: checking for memmove
configure:5240: gcc -o conftest -g -O2   conftest.c  >&5
conftest.c:52:6: warning: conflicting types for built-in function 'memmove' [enabled by default]
configure:5246: $? = 0
configure:5250: test -z 
			 || test ! -s conftest.err
configure:5253: $? = 0
configure:5256: test -s conftest
configure:5259: $? = 0
configure:5271: result: yes
configure:5183: checking for memset
configure:5240: gcc -o conftest -g -O2   conftest.c  >&5
conftest.c:53:6: warning: conflicting types for built-in function 'memset' [enabled by default]
configure:5246: $? = 0
configure:5250: test -z 
			 || test ! -s conftest.err
configure:5253: $? = 0
configure:5256: test -s conftest
configure:5259: $? = 0
configure:5271: result: yes
configure:5183: checking for strdup
configure:5240: gcc -o conftest -g -O2   conftest.c  >&5
conftest.c:54:6: warning: conflicting types for built-in function 'strdup' [enabled by default]
configure:5246: $? = 0
configure:5250: test -z 
			 || test ! -s conftest.err
configure:5253: $? = 0
configure:5256: test -s conftest
configure:5259: $? = 0
configure:5271: result: yes
configure:5183: checking for strerror
configure:5240: gcc -o conftest -g -O2   conftest.c  >&5
configure:5246: $? = 0
configure:5250: test -z 
			 || test ! -s conftest.err
configure:5253: $? = 0
configure:5256: test -s conftest
configure:5259: $? = 0
configure:5271: result: yes
configure:5183: checking for strtol
configure:5240: gcc -o conftest -g -O2   conftest.c  >&5
configure:5246: $? = 0
configure:5250: test -z 
			 || test ! -s conftest.err
configure:5253: $? = 0
configure:5256: test -s conftest
configure:5259: $? = 0
configure:5271: result: yes
configure:5183: checking for setlocale
configure:5240: gcc -o conftest -g -O2   conftest.c  >&5
configure:5246: $? = 0
configure:5250: test -z 
			 || test ! -s conftest.err
configure:5253: $? = 0
configure:5256: test -s conftest
configure:5259: $? = 0
configure:5271: result: yes
configure:5294: checking for working alloca.h
configure:5315: gcc -o conftest -g -O2   conftest.c  >&5
configure:5321: $? = 0
configure:5325: test -z 
			 || test ! -s conftest.err
configure:5328: $? = 0
configure:5331: test -s conftest
configure:5334: $? = 0
configure:5346: result: yes
configure:5356: checking for alloca
configure:5397: gcc -o conftest -g -O2   conftest.c  >&5
configure:5403: $? = 0
configure:5407: test -z 
			 || test ! -s conftest.err
configure:5410: $? = 0
configure:5413: test -s conftest
configure:5416: $? = 0
configure:5428: result: yes
configure:5651: checking for inline
configure:5672: gcc -c -g -O2  conftest.c >&5
configure:5678: $? = 0
configure:5682: test -z 
			 || test ! -s conftest.err
configure:5685: $? = 0
configure:5688: test -s conftest.o
configure:5691: $? = 0
configure:5703: result: inline
configure:5723: checking whether clearerr_unlocked is declared
configure:5747: gcc -c -g -O2  conftest.c >&5
configure:5753: $? = 0
configure:5757: test -z 
			 || test ! -s conftest.err
configure:5760: $? = 0
configure:5763: test -s conftest.o
configure:5766: $? = 0
configure:5777: result: yes
configure:5797: checking whether feof_unlocked is declared
configure:5821: gcc -c -g -O2  conftest.c >&5
configure:5827: $? = 0
configure:5831: test -z 
			 || test ! -s conftest.err
configure:5834: $? = 0
configure:5837: test -s conftest.o
configure:5840: $? = 0
configure:5851: result: yes
configure:5871: checking whether ferror_unlocked is declared
configure:5895: gcc -c -g -O2  conftest.c >&5
configure:5901: $? = 0
configure:5905: test -z 
			 || test ! -s conftest.err
configure:5908: $? = 0
configure:5911: test -s conftest.o
configure:5914: $? = 0
configure:5925: result: yes
configure:5945: checking whether fflush_unlocked is declared
configure:5969: gcc -c -g -O2  conftest.c >&5
configure:5975: $? = 0
configure:5979: test -z 
			 || test ! -s conftest.err
configure:5982: $? = 0
configure:5985: test -s conftest.o
configure:5988: $? = 0
configure:5999: result: yes
configure:6019: checking whether fgets_unlocked is declared
configure:6043: gcc -c -g -O2  conftest.c >&5
configure:6049: $? = 0
configure:6053: test -z 
			 || test ! -s conftest.err
configure:6056: $? = 0
configure:6059: test -s conftest.o
configure:6062: $? = 0
configure:6073: result: yes
configure:6093: checking whether fputc_unlocked is declared
configure:6117: gcc -c -g -O2  conftest.c >&5
configure:6123: $? = 0
configure:6127: test -z 
			 || test ! -s conftest.err
configure:6130: $? = 0
configure:6133: test -s conftest.o
configure:6136: $? = 0
configure:6147: result: yes
configure:6167: checking whether fputs_unlocked is declared
configure:6191: gcc -c -g -O2  conftest.c >&5
configure:6197: $? = 0
configure:6201: test -z 
			 || test ! -s conftest.err
configure:6204: $? = 0
configure:6207: test -s conftest.o
configure:6210: $? = 0
configure:6221: result: yes
configure:6241: checking whether fread_unlocked is declared
configure:6265: gcc -c -g -O2  conftest.c >&5
configure:6271: $? = 0
configure:6275: test -z 
			 || test ! -s conftest.err
configure:6278: $? = 0
configure:6281: test -s conftest.o
configure:6284: $? = 0
configure:6295: result: yes
configure:6315: checking whether fwrite_unlocked is declared
configure:6339: gcc -c -g -O2  conftest.c >&5
configure:6345: $? = 0
configure:6349: test -z 
			 || test ! -s conftest.err
configure:6352: $? = 0
configure:6355: test -s conftest.o
configure:6358: $? = 0
configure:6369: result: yes
configure:6389: checking whether getc_unlocked is declared
configure:6413: gcc -c -g -O2  conftest.c >&5
configure:6419: $? = 0
configure:6423: test -z 
			 || test ! -s conftest.err
configure:6426: $? = 0
configure:6429: test -s conftest.o
configure:6432: $? = 0
configure:6443: result: yes
configure:6463: checking whether getchar_unlocked is declared
configure:6487: gcc -c -g -O2  conftest.c >&5
configure:6493: $? = 0
configure:6497: test -z 
			 || test ! -s conftest.err
configure:6500: $? = 0
configure:6503: test -s conftest.o
configure:6506: $? = 0
configure:6517: result: yes
configure:6537: checking whether putc_unlocked is declared
configure:6561: gcc -c -g -O2  conftest.c >&5
configure:6567: $? = 0
configure:6571: test -z 
			 || test ! -s conftest.err
configure:6574: $? = 0
configure:6577: test -s conftest.o
configure:6580: $? = 0
configure:6591: result: yes
configure:6611: checking whether putchar_unlocked is declared
configure:6635: gcc -c -g -O2  conftest.c >&5
configure:6641: $? = 0
configure:6645: test -z 
			 || test ! -s conftest.err
configure:6648: $? = 0
configure:6651: test -s conftest.o
configure:6654: $? = 0
configure:6665: result: yes
configure:6772: checking for flockfile
configure:6829: gcc -o conftest -g -O2   conftest.c  >&5
configure:6835: $? = 0
configure:6839: test -z 
			 || test ! -s conftest.err
configure:6842: $? = 0
configure:6845: test -s conftest
configure:6848: $? = 0
configure:6860: result: yes
configure:6772: checking for funlockfile
configure:6829: gcc -o conftest -g -O2   conftest.c  >&5
configure:6835: $? = 0
configure:6839: test -z 
			 || test ! -s conftest.err
configure:6842: $? = 0
configure:6845: test -s conftest
configure:6848: $? = 0
configure:6860: result: yes
configure:6899: checking features.h usability
configure:6911: gcc -c -g -O2  conftest.c >&5
configure:6917: $? = 0
configure:6921: test -z 
			 || test ! -s conftest.err
configure:6924: $? = 0
configure:6927: test -s conftest.o
configure:6930: $? = 0
configure:6940: result: yes
configure:6944: checking features.h presence
configure:6954: gcc -E  conftest.c
configure:6960: $? = 0
configure:6980: result: yes
configure:7015: checking for features.h
configure:7022: result: yes
configure:6899: checking linewrap.h usability
configure:6911: gcc -c -g -O2  conftest.c >&5
conftest.c:89:22: fatal error: linewrap.h: No such file or directory
compilation terminated.
configure:6917: $? = 1
configure: failed program was:
| /* confdefs.h.  */
| 
| #define PACKAGE_NAME "GNU cflow"
| #define PACKAGE_TARNAME "cflow"
| #define PACKAGE_VERSION "1.0"
| #define PACKAGE_STRING "GNU cflow 1.0"
| #define PACKAGE_BUGREPORT "bug-cflow@gnu.org"
| #define PACKAGE "cflow"
| #define VERSION "1.0"
| #define _GNU_SOURCE 1
| #define STDC_HEADERS 1
| #define HAVE_SYS_TYPES_H 1
| #define HAVE_SYS_STAT_H 1
| #define HAVE_STDLIB_H 1
| #define HAVE_STRING_H 1
| #define HAVE_MEMORY_H 1
| #define HAVE_STRINGS_H 1
| #define HAVE_INTTYPES_H 1
| #define HAVE_STDINT_H 1
| #define HAVE_UNISTD_H 1
| #define __EXTENSIONS__ 1
| #define STDC_HEADERS 1
| #define HAVE_STDLIB_H 1
| #define HAVE_STRING_H 1
| #define HAVE_UNISTD_H 1
| #define HAVE_LOCALE_H 1
| #define HAVE_MEMMOVE 1
| #define HAVE_MEMSET 1
| #define HAVE_STRDUP 1
| #define HAVE_STRERROR 1
| #define HAVE_STRTOL 1
| #define HAVE_SETLOCALE 1
| #define HAVE_DECL_PROGRAM_INVOCATION_NAME 1
| #define HAVE_ALLOCA_H 1
| #define HAVE_ALLOCA 1
| #define HAVE_DECL_CLEARERR_UNLOCKED 1
| #define HAVE_DECL_FEOF_UNLOCKED 1
| #define HAVE_DECL_FERROR_UNLOCKED 1
| #define HAVE_DECL_FFLUSH_UNLOCKED 1
| #define HAVE_DECL_FGETS_UNLOCKED 1
| #define HAVE_DECL_FPUTC_UNLOCKED 1
| #define HAVE_DECL_FPUTS_UNLOCKED 1
| #define HAVE_DECL_FREAD_UNLOCKED 1
| #define HAVE_DECL_FWRITE_UNLOCKED 1
| #define HAVE_DECL_GETC_UNLOCKED 1
| #define HAVE_DECL_GETCHAR_UNLOCKED 1
| #define HAVE_DECL_PUTC_UNLOCKED 1
| #define HAVE_DECL_PUTCHAR_UNLOCKED 1
| #define USE_UNLOCKED_IO 1
| #define __GETOPT_PREFIX rpl_
| #define HAVE_FLOCKFILE 1
| #define HAVE_FUNLOCKFILE 1
| #define HAVE_FEATURES_H 1
| /* end confdefs.h.  */
| #include <stdio.h>
| #if HAVE_SYS_TYPES_H
| # include <sys/types.h>
| #endif
| #if HAVE_SYS_STAT_H
| # include <sys/stat.h>
| #endif
| #if STDC_HEADERS
| # include <stdlib.h>
| # include <stddef.h>
| #else
| # if HAVE_STDLIB_H
| #  include <stdlib.h>
| # endif
| #endif
| #if HAVE_STRING_H
| # if !STDC_HEADERS && HAVE_MEMORY_H
| #  include <memory.h>
| # endif
| # include <string.h>
| #endif
| #if HAVE_STRINGS_H
| # include <strings.h>
| #endif
| #if HAVE_INTTYPES_H
| # include <inttypes.h>
| #else
| # if HAVE_STDINT_H
| #  include <stdint.h>
| # endif
| #endif
| #if HAVE_UNISTD_H
| # include <unistd.h>
| #endif
| #include <linewrap.h>
configure:6940: result: no
configure:6944: checking linewrap.h presence
configure:6954: gcc -E  conftest.c
conftest.c:55:22: fatal error: linewrap.h: No such file or directory
compilation terminated.
configure:6960: $? = 1
configure: failed program was:
| /* confdefs.h.  */
| 
| #define PACKAGE_NAME "GNU cflow"
| #define PACKAGE_TARNAME "cflow"
| #define PACKAGE_VERSION "1.0"
| #define PACKAGE_STRING "GNU cflow 1.0"
| #define PACKAGE_BUGREPORT "bug-cflow@gnu.org"
| #define PACKAGE "cflow"
| #define VERSION "1.0"
| #define _GNU_SOURCE 1
| #define STDC_HEADERS 1
| #define HAVE_SYS_TYPES_H 1
| #define HAVE_SYS_STAT_H 1
| #define HAVE_STDLIB_H 1
| #define HAVE_STRING_H 1
| #define HAVE_MEMORY_H 1
| #define HAVE_STRINGS_H 1
| #define HAVE_INTTYPES_H 1
| #define HAVE_STDINT_H 1
| #define HAVE_UNISTD_H 1
| #define __EXTENSIONS__ 1
| #define STDC_HEADERS 1
| #define HAVE_STDLIB_H 1
| #define HAVE_STRING_H 1
| #define HAVE_UNISTD_H 1
| #define HAVE_LOCALE_H 1
| #define HAVE_MEMMOVE 1
| #define HAVE_MEMSET 1
| #define HAVE_STRDUP 1
| #define HAVE_STRERROR 1
| #define HAVE_STRTOL 1
| #define HAVE_SETLOCALE 1
| #define HAVE_DECL_PROGRAM_INVOCATION_NAME 1
| #define HAVE_ALLOCA_H 1
| #define HAVE_ALLOCA 1
| #define HAVE_DECL_CLEARERR_UNLOCKED 1
| #define HAVE_DECL_FEOF_UNLOCKED 1
| #define HAVE_DECL_FERROR_UNLOCKED 1
| #define HAVE_DECL_FFLUSH_UNLOCKED 1
| #define HAVE_DECL_FGETS_UNLOCKED 1
| #define HAVE_DECL_FPUTC_UNLOCKED 1
| #define HAVE_DECL_FPUTS_UNLOCKED 1
| #define HAVE_DECL_FREAD_UNLOCKED 1
| #define HAVE_DECL_FWRITE_UNLOCKED 1
| #define HAVE_DECL_GETC_UNLOCKED 1
| #define HAVE_DECL_GETCHAR_UNLOCKED 1
| #define HAVE_DECL_PUTC_UNLOCKED 1
| #define HAVE_DECL_PUTCHAR_UNLOCKED 1
| #define USE_UNLOCKED_IO 1
| #define __GETOPT_PREFIX rpl_
| #define HAVE_FLOCKFILE 1
| #define HAVE_FUNLOCKFILE 1
| #define HAVE_FEATURES_H 1
| /* end confdefs.h.  */
| #include <linewrap.h>
configure:6980: result: no
configure:7015: checking for linewrap.h
configure:7022: result: no
configure:7046: checking whether strerror_r is declared
configure:7070: gcc -c -g -O2  conftest.c >&5
configure:7076: $? = 0
configure:7080: test -z 
			 || test ! -s conftest.err
configure:7083: $? = 0
configure:7086: test -s conftest.o
configure:7089: $? = 0
configure:7100: result: yes
configure:7122: checking for strerror_r
configure:7179: gcc -o conftest -g -O2   conftest.c  >&5
configure:7185: $? = 0
configure:7189: test -z 
			 || test ! -s conftest.err
configure:7192: $? = 0
configure:7195: test -s conftest
configure:7198: $? = 0
configure:7210: result: yes
configure:7220: checking whether strerror_r returns char *
configure:7248: gcc -c -g -O2  conftest.c >&5
configure:7254: $? = 0
configure:7258: test -z 
			 || test ! -s conftest.err
configure:7261: $? = 0
configure:7264: test -s conftest.o
configure:7267: $? = 0
configure:7327: result: yes
configure:7337: checking for stdbool.h that conforms to C99
configure:7396: gcc -c -g -O2  conftest.c >&5
conftest.c:84:4: warning: variably modified 'd' at file scope [enabled by default]
conftest.c:86:4: warning: variably modified 'f' at file scope [enabled by default]
configure:7402: $? = 0
configure:7406: test -z 
			 || test ! -s conftest.err
configure:7409: $? = 0
configure:7412: test -s conftest.o
configure:7415: $? = 0
configure:7426: result: yes
configure:7428: checking for _Bool
configure:7452: gcc -c -g -O2  conftest.c >&5
configure:7458: $? = 0
configure:7462: test -z 
			 || test ! -s conftest.err
configure:7465: $? = 0
configure:7468: test -s conftest.o
configure:7471: $? = 0
configure:7482: result: yes
configure:7519: checking whether lstat dereferences a symlink specified with a trailing slash
configure:7550: gcc -o conftest -g -O2   conftest.c  >&5
configure:7553: $? = 0
configure:7555: ./conftest
configure:7558: $? = 0
configure:7579: result: yes
configure:7600: checking whether stat file-mode macros are broken
configure:7648: result: no
configure:7659: checking for inttypes.h
configure:7681: gcc -c -g -O2  conftest.c >&5
configure:7687: $? = 0
configure:7691: test -z 
			 || test ! -s conftest.err
configure:7694: $? = 0
configure:7697: test -s conftest.o
configure:7700: $? = 0
configure:7711: result: yes
configure:7722: checking for stdint.h
configure:7744: gcc -c -g -O2  conftest.c >&5
configure:7750: $? = 0
configure:7754: test -z 
			 || test ! -s conftest.err
configure:7757: $? = 0
configure:7760: test -s conftest.o
configure:7763: $? = 0
configure:7774: result: yes
configure:7785: checking for unsigned long long
configure:7807: gcc -o conftest -g -O2   conftest.c  >&5
configure:7813: $? = 0
configure:7817: test -z 
			 || test ! -s conftest.err
configure:7820: $? = 0
configure:7823: test -s conftest
configure:7826: $? = 0
configure:7838: result: yes
configure:7871: checking for EOVERFLOW
configure:8288: result: yes
configure:8301: checking for signed
configure:8322: gcc -c -g -O2  conftest.c >&5
configure:8328: $? = 0
configure:8332: test -z 
			 || test ! -s conftest.err
configure:8335: $? = 0
configure:8338: test -s conftest.o
configure:8341: $? = 0
configure:8352: result: yes
configure:8363: checking for long long
configure:8385: gcc -o conftest -g -O2   conftest.c  >&5
configure:8391: $? = 0
configure:8395: test -z 
			 || test ! -s conftest.err
configure:8398: $? = 0
configure:8401: test -s conftest
configure:8404: $? = 0
configure:8416: result: yes
configure:8427: checking for long double
configure:8487: result: yes
configure:8498: checking for wchar_t
configure:8520: gcc -c -g -O2  conftest.c >&5
configure:8526: $? = 0
configure:8530: test -z 
			 || test ! -s conftest.err
configure:8533: $? = 0
configure:8536: test -s conftest.o
configure:8539: $? = 0
configure:8550: result: yes
configure:8561: checking for wint_t
configure:8583: gcc -c -g -O2  conftest.c >&5
configure:8589: $? = 0
configure:8593: test -z 
			 || test ! -s conftest.err
configure:8596: $? = 0
configure:8599: test -s conftest.o
configure:8602: $? = 0
configure:8613: result: yes
configure:8623: checking for size_t
configure:8647: gcc -c -g -O2  conftest.c >&5
configure:8653: $? = 0
configure:8657: test -z 
			 || test ! -s conftest.err
configure:8660: $? = 0
configure:8663: test -s conftest.o
configure:8666: $? = 0
configure:8677: result: yes
configure:8692: checking for intmax_t
configure:8722: gcc -c -g -O2  conftest.c >&5
configure:8728: $? = 0
configure:8732: test -z 
			 || test ! -s conftest.err
configure:8735: $? = 0
configure:8738: test -s conftest.o
configure:8741: $? = 0
configure:8752: result: yes
configure:8773: checking whether vsnprintf is declared
configure:8797: gcc -c -g -O2  conftest.c >&5
configure:8803: $? = 0
configure:8807: test -z 
			 || test ! -s conftest.err
configure:8810: $? = 0
configure:8813: test -s conftest.o
configure:8816: $? = 0
configure:8827: result: yes
configure:8852: checking for stdint.h
configure:8857: result: yes
configure:8997: checking for SIZE_MAX
configure:10066: result: yes
configure:10134: checking whether program_invocation_name is declared
configure:10159: gcc -c -g -O2  conftest.c >&5
configure:10165: $? = 0
configure:10169: test -z 
			 || test ! -s conftest.err
configure:10172: $? = 0
configure:10175: test -s conftest.o
configure:10178: $? = 0
configure:10189: result: yes
configure:10205: checking whether program_invocation_short_name is declared
configure:10230: gcc -c -g -O2  conftest.c >&5
configure:10236: $? = 0
configure:10240: test -z 
			 || test ! -s conftest.err
configure:10243: $? = 0
configure:10246: test -s conftest.o
configure:10249: $? = 0
configure:10260: result: yes
configure:10302: checking for error_at_line
configure:10354: result: yes
configure:10766: checking whether lstat accepts an empty string
configure:10791: gcc -o conftest -g -O2   conftest.c  >&5
configure:10794: $? = 0
configure:10796: ./conftest
configure:10799: $? = 1
configure: program exited with status 1
configure: failed program was:
| /* confdefs.h.  */
| 
| #define PACKAGE_NAME "GNU cflow"
| #define PACKAGE_TARNAME "cflow"
| #define PACKAGE_VERSION "1.0"
| #define PACKAGE_STRING "GNU cflow 1.0"
| #define PACKAGE_BUGREPORT "bug-cflow@gnu.org"
| #define PACKAGE "cflow"
| #define VERSION "1.0"
| #define _GNU_SOURCE 1
| #define STDC_HEADERS 1
| #define HAVE_SYS_TYPES_H 1
| #define HAVE_SYS_STAT_H 1
| #define HAVE_STDLIB_H 1
| #define HAVE_STRING_H 1
| #define HAVE_MEMORY_H 1
| #define HAVE_STRINGS_H 1
| #define HAVE_INTTYPES_H 1
| #define HAVE_STDINT_H 1
| #define HAVE_UNISTD_H 1
| #define __EXTENSIONS__ 1
| #define STDC_HEADERS 1
| #define HAVE_STDLIB_H 1
| #define HAVE_STRING_H 1
| #define HAVE_UNISTD_H 1
| #define HAVE_LOCALE_H 1
| #define HAVE_MEMMOVE 1
| #define HAVE_MEMSET 1
| #define HAVE_STRDUP 1
| #define HAVE_STRERROR 1
| #define HAVE_STRTOL 1
| #define HAVE_SETLOCALE 1
| #define HAVE_DECL_PROGRAM_INVOCATION_NAME 1
| #define HAVE_ALLOCA_H 1
| #define HAVE_ALLOCA 1
| #define HAVE_DECL_CLEARERR_UNLOCKED 1
| #define HAVE_DECL_FEOF_UNLOCKED 1
| #define HAVE_DECL_FERROR_UNLOCKED 1
| #define HAVE_DECL_FFLUSH_UNLOCKED 1
| #define HAVE_DECL_FGETS_UNLOCKED 1
| #define HAVE_DECL_FPUTC_UNLOCKED 1
| #define HAVE_DECL_FPUTS_UNLOCKED 1
| #define HAVE_DECL_FREAD_UNLOCKED 1
| #define HAVE_DECL_FWRITE_UNLOCKED 1
| #define HAVE_DECL_GETC_UNLOCKED 1
| #define HAVE_DECL_GETCHAR_UNLOCKED 1
| #define HAVE_DECL_PUTC_UNLOCKED 1
| #define HAVE_DECL_PUTCHAR_UNLOCKED 1
| #define USE_UNLOCKED_IO 1
| #define __GETOPT_PREFIX rpl_
| #define HAVE_FLOCKFILE 1
| #define HAVE_FUNLOCKFILE 1
| #define HAVE_FEATURES_H 1
| #define HAVE_DECL_STRERROR_R 1
| #define HAVE_STRERROR_R 1
| #define STRERROR_R_CHAR_P 1
| #define HAVE__BOOL 1
| #define HAVE_STDBOOL_H 1
| #define LSTAT_FOLLOWS_SLASHED_SYMLINK 1
| #define HAVE_INTTYPES_H_WITH_UINTMAX 1
| #define HAVE_STDINT_H_WITH_UINTMAX 1
| #define HAVE_UNSIGNED_LONG_LONG 1
| #define HAVE_UINTMAX_T 1
| #define HAVE_LONG_LONG 1
| #define HAVE_LONG_DOUBLE 1
| #define HAVE_WCHAR_T 1
| #define HAVE_WINT_T 1
| #define HAVE_INTMAX_T 1
| #define HAVE_DECL_VSNPRINTF 1
| #define HAVE_STDINT_H 1
| #define HAVE_ALLOCA 1
| #define HAVE_ALLOCA_H 1
| #define HAVE_DECL_PROGRAM_INVOCATION_NAME 1
| #define HAVE_DECL_PROGRAM_INVOCATION_SHORT_NAME 1
| /* end confdefs.h.  */
| #include <stdio.h>
| #if HAVE_SYS_TYPES_H
| # include <sys/types.h>
| #endif
| #if HAVE_SYS_STAT_H
| # include <sys/stat.h>
| #endif
| #if STDC_HEADERS
| # include <stdlib.h>
| # include <stddef.h>
| #else
| # if HAVE_STDLIB_H
| #  include <stdlib.h>
| # endif
| #endif
| #if HAVE_STRING_H
| # if !STDC_HEADERS && HAVE_MEMORY_H
| #  include <memory.h>
| # endif
| # include <string.h>
| #endif
| #if HAVE_STRINGS_H
| # include <strings.h>
| #endif
| #if HAVE_INTTYPES_H
| # include <inttypes.h>
| #else
| # if HAVE_STDINT_H
| #  include <stdint.h>
| # endif
| #endif
| #if HAVE_UNISTD_H
| # include <unistd.h>
| #endif
| int
| main ()
| {
| struct stat sbuf;
|   exit (lstat ("", &sbuf) ? 1 : 0);
|   ;
|   return 0;
| }
configure:10813: result: no
configure:10845: checking for stdlib.h
configure:10850: result: yes
configure:10990: checking for GNU libc compatible malloc
configure:11019: gcc -o conftest -g -O2   conftest.c  >&5
configure:11022: $? = 0
configure:11024: ./conftest
configure:11027: $? = 0
configure:11041: result: yes
configure:11082: checking for mempcpy
configure:11139: gcc -o conftest -g -O2   conftest.c  >&5
conftest.c:102:6: warning: conflicting types for built-in function 'mempcpy' [enabled by default]
configure:11145: $? = 0
configure:11149: test -z 
			 || test ! -s conftest.err
configure:11152: $? = 0
configure:11155: test -s conftest
configure:11158: $? = 0
configure:11170: result: yes
configure:11201: checking for obstacks
configure:11222: gcc -o conftest -g -O2   conftest.c  >&5
configure:11228: $? = 0
configure:11232: test -z 
			 || test ! -s conftest.err
configure:11235: $? = 0
configure:11238: test -s conftest
configure:11241: $? = 0
configure:11253: result: yes
configure:11283: checking for C/C++ restrict keyword
configure:11301: gcc -c -g -O2  conftest.c >&5
conftest.c:80:18: error: expected '=', ',', ';', 'asm' or '__attribute__' before 'x'
configure:11307: $? = 1
configure: failed program was:
| /* confdefs.h.  */
| 
| #define PACKAGE_NAME "GNU cflow"
| #define PACKAGE_TARNAME "cflow"
| #define PACKAGE_VERSION "1.0"
| #define PACKAGE_STRING "GNU cflow 1.0"
| #define PACKAGE_BUGREPORT "bug-cflow@gnu.org"
| #define PACKAGE "cflow"
| #define VERSION "1.0"
| #define _GNU_SOURCE 1
| #define STDC_HEADERS 1
| #define HAVE_SYS_TYPES_H 1
| #define HAVE_SYS_STAT_H 1
| #define HAVE_STDLIB_H 1
| #define HAVE_STRING_H 1
| #define HAVE_MEMORY_H 1
| #define HAVE_STRINGS_H 1
| #define HAVE_INTTYPES_H 1
| #define HAVE_STDINT_H 1
| #define HAVE_UNISTD_H 1
| #define __EXTENSIONS__ 1
| #define STDC_HEADERS 1
| #define HAVE_STDLIB_H 1
| #define HAVE_STRING_H 1
| #define HAVE_UNISTD_H 1
| #define HAVE_LOCALE_H 1
| #define HAVE_MEMMOVE 1
| #define HAVE_MEMSET 1
| #define HAVE_STRDUP 1
| #define HAVE_STRERROR 1
| #define HAVE_STRTOL 1
| #define HAVE_SETLOCALE 1
| #define HAVE_DECL_PROGRAM_INVOCATION_NAME 1
| #define HAVE_ALLOCA_H 1
| #define HAVE_ALLOCA 1
| #define HAVE_DECL_CLEARERR_UNLOCKED 1
| #define HAVE_DECL_FEOF_UNLOCKED 1
| #define HAVE_DECL_FERROR_UNLOCKED 1
| #define HAVE_DECL_FFLUSH_UNLOCKED 1
| #define HAVE_DECL_FGETS_UNLOCKED 1
| #define HAVE_DECL_FPUTC_UNLOCKED 1
| #define HAVE_DECL_FPUTS_UNLOCKED 1
| #define HAVE_DECL_FREAD_UNLOCKED 1
| #define HAVE_DECL_FWRITE_UNLOCKED 1
| #define HAVE_DECL_GETC_UNLOCKED 1
| #define HAVE_DECL_GETCHAR_UNLOCKED 1
| #define HAVE_DECL_PUTC_UNLOCKED 1
| #define HAVE_DECL_PUTCHAR_UNLOCKED 1
| #define USE_UNLOCKED_IO 1
| #define __GETOPT_PREFIX rpl_
| #define HAVE_FLOCKFILE 1
| #define HAVE_FUNLOCKFILE 1
| #define HAVE_FEATURES_H 1
| #define HAVE_DECL_STRERROR_R 1
| #define HAVE_STRERROR_R 1
| #define STRERROR_R_CHAR_P 1
| #define HAVE__BOOL 1
| #define HAVE_STDBOOL_H 1
| #define LSTAT_FOLLOWS_SLASHED_SYMLINK 1
| #define HAVE_INTTYPES_H_WITH_UINTMAX 1
| #define HAVE_STDINT_H_WITH_UINTMAX 1
| #define HAVE_UNSIGNED_LONG_LONG 1
| #define HAVE_UINTMAX_T 1
| #define HAVE_LONG_LONG 1
| #define HAVE_LONG_DOUBLE 1
| #define HAVE_WCHAR_T 1
| #define HAVE_WINT_T 1
| #define HAVE_INTMAX_T 1
| #define HAVE_DECL_VSNPRINTF 1
| #define HAVE_STDINT_H 1
| #define HAVE_ALLOCA 1
| #define HAVE_ALLOCA_H 1
| #define HAVE_DECL_PROGRAM_INVOCATION_NAME 1
| #define HAVE_DECL_PROGRAM_INVOCATION_SHORT_NAME 1
| #define HAVE_STDLIB_H 1
| #define HAVE_MALLOC 1
| #define HAVE_MEMPCPY 1
| #define HAVE_OBSTACK 1
| /* end confdefs.h.  */
| float * restrict x;
configure:11301: gcc -c -g -O2  conftest.c >&5
configure:11307: $? = 0
configure:11311: test -z 
			 || test ! -s conftest.err
configure:11314: $? = 0
configure:11317: test -s conftest.o
configure:11320: $? = 0
configure:11332: result: __restrict
configure:11350: checking whether stat accepts an empty string
configure:11375: gcc -o conftest -g -O2   conftest.c  >&5
configure:11378: $? = 0
configure:11380: ./conftest
configure:11383: $? = 1
configure: program exited with status 1
configure: failed program was:
| /* confdefs.h.  */
| 
| #define PACKAGE_NAME "GNU cflow"
| #define PACKAGE_TARNAME "cflow"
| #define PACKAGE_VERSION "1.0"
| #define PACKAGE_STRING "GNU cflow 1.0"
| #define PACKAGE_BUGREPORT "bug-cflow@gnu.org"
| #define PACKAGE "cflow"
| #define VERSION "1.0"
| #define _GNU_SOURCE 1
| #define STDC_HEADERS 1
| #define HAVE_SYS_TYPES_H 1
| #define HAVE_SYS_STAT_H 1
| #define HAVE_STDLIB_H 1
| #define HAVE_STRING_H 1
| #define HAVE_MEMORY_H 1
| #define HAVE_STRINGS_H 1
| #define HAVE_INTTYPES_H 1
| #define HAVE_STDINT_H 1
| #define HAVE_UNISTD_H 1
| #define __EXTENSIONS__ 1
| #define STDC_HEADERS 1
| #define HAVE_STDLIB_H 1
| #define HAVE_STRING_H 1
| #define HAVE_UNISTD_H 1
| #define HAVE_LOCALE_H 1
| #define HAVE_MEMMOVE 1
| #define HAVE_MEMSET 1
| #define HAVE_STRDUP 1
| #define HAVE_STRERROR 1
| #define HAVE_STRTOL 1
| #define HAVE_SETLOCALE 1
| #define HAVE_DECL_PROGRAM_INVOCATION_NAME 1
| #define HAVE_ALLOCA_H 1
| #define HAVE_ALLOCA 1
| #define HAVE_DECL_CLEARERR_UNLOCKED 1
| #define HAVE_DECL_FEOF_UNLOCKED 1
| #define HAVE_DECL_FERROR_UNLOCKED 1
| #define HAVE_DECL_FFLUSH_UNLOCKED 1
| #define HAVE_DECL_FGETS_UNLOCKED 1
| #define HAVE_DECL_FPUTC_UNLOCKED 1
| #define HAVE_DECL_FPUTS_UNLOCKED 1
| #define HAVE_DECL_FREAD_UNLOCKED 1
| #define HAVE_DECL_FWRITE_UNLOCKED 1
| #define HAVE_DECL_GETC_UNLOCKED 1
| #define HAVE_DECL_GETCHAR_UNLOCKED 1
| #define HAVE_DECL_PUTC_UNLOCKED 1
| #define HAVE_DECL_PUTCHAR_UNLOCKED 1
| #define USE_UNLOCKED_IO 1
| #define __GETOPT_PREFIX rpl_
| #define HAVE_FLOCKFILE 1
| #define HAVE_FUNLOCKFILE 1
| #define HAVE_FEATURES_H 1
| #define HAVE_DECL_STRERROR_R 1
| #define HAVE_STRERROR_R 1
| #define STRERROR_R_CHAR_P 1
| #define HAVE__BOOL 1
| #define HAVE_STDBOOL_H 1
| #define LSTAT_FOLLOWS_SLASHED_SYMLINK 1
| #define HAVE_INTTYPES_H_WITH_UINTMAX 1
| #define HAVE_STDINT_H_WITH_UINTMAX 1
| #define HAVE_UNSIGNED_LONG_LONG 1
| #define HAVE_UINTMAX_T 1
| #define HAVE_LONG_LONG 1
| #define HAVE_LONG_DOUBLE 1
| #define HAVE_WCHAR_T 1
| #define HAVE_WINT_T 1
| #define HAVE_INTMAX_T 1
| #define HAVE_DECL_VSNPRINTF 1
| #define HAVE_STDINT_H 1
| #define HAVE_ALLOCA 1
| #define HAVE_ALLOCA_H 1
| #define HAVE_DECL_PROGRAM_INVOCATION_NAME 1
| #define HAVE_DECL_PROGRAM_INVOCATION_SHORT_NAME 1
| #define HAVE_STDLIB_H 1
| #define HAVE_MALLOC 1
| #define HAVE_MEMPCPY 1
| #define HAVE_OBSTACK 1
| #define restrict __restrict
| /* end confdefs.h.  */
| #include <stdio.h>
| #if HAVE_SYS_TYPES_H
| # include <sys/types.h>
| #endif
| #if HAVE_SYS_STAT_H
| # include <sys/stat.h>
| #endif
| #if STDC_HEADERS
| # include <stdlib.h>
| # include <stddef.h>
| #else
| # if HAVE_STDLIB_H
| #  include <stdlib.h>
| # endif
| #endif
| #if HAVE_STRING_H
| # if !STDC_HEADERS && HAVE_MEMORY_H
| #  include <memory.h>
| # endif
| # include <string.h>
| #endif
| #if HAVE_STRINGS_H
| # include <strings.h>
| #endif
| #if HAVE_INTTYPES_H
| # include <inttypes.h>
| #else
| # if HAVE_STDINT_H
| #  include <stdint.h>
| # endif
| #endif
| #if HAVE_UNISTD_H
| # include <unistd.h>
| #endif
| int
| main ()
| {
| struct stat sbuf;
|   exit (stat ("", &sbuf) ? 1 : 0);
|   ;
|   return 0;
| }
configure:11397: result: no
configure:11455: checking for strcasecmp
configure:11512: gcc -o conftest -g -O2   conftest.c  >&5
conftest.c:105:6: warning: conflicting types for built-in function 'strcasecmp' [enabled by default]
configure:11518: $? = 0
configure:11522: test -z 
			 || test ! -s conftest.err
configure:11525: $? = 0
configure:11528: test -s conftest
configure:11531: $? = 0
configure:11543: result: yes
configure:11574: checking for strncasecmp
configure:11631: gcc -o conftest -g -O2   conftest.c  >&5
conftest.c:106:6: warning: conflicting types for built-in function 'strncasecmp' [enabled by default]
configure:11637: $? = 0
configure:11641: test -z 
			 || test ! -s conftest.err
configure:11644: $? = 0
configure:11647: test -s conftest
configure:11650: $? = 0
configure:11662: result: yes
configure:11698: checking for strchrnul
configure:11755: gcc -o conftest -g -O2   conftest.c  >&5
configure:11761: $? = 0
configure:11765: test -z 
			 || test ! -s conftest.err
configure:11768: $? = 0
configure:11771: test -s conftest
configure:11774: $? = 0
configure:11786: result: yes
configure:11821: checking for strndup
configure:11878: gcc -o conftest -g -O2   conftest.c  >&5
conftest.c:108:6: warning: conflicting types for built-in function 'strndup' [enabled by default]
configure:11884: $? = 0
configure:11888: test -z 
			 || test ! -s conftest.err
configure:11891: $? = 0
configure:11894: test -s conftest
configure:11897: $? = 0
configure:11909: result: yes
configure:12011: checking for working strnlen
configure:12050: gcc -o conftest -g -O2   conftest.c  >&5
configure:12053: $? = 0
configure:12055: ./conftest
configure:12058: $? = 0
configure:12072: result: yes
configure:12113: checking sysexits.h usability
configure:12125: gcc -c -g -O2  conftest.c >&5
configure:12131: $? = 0
configure:12135: test -z 
			 || test ! -s conftest.err
configure:12138: $? = 0
configure:12141: test -s conftest.o
configure:12144: $? = 0
configure:12154: result: yes
configure:12158: checking sysexits.h presence
configure:12168: gcc -E  conftest.c
configure:12174: $? = 0
configure:12194: result: yes
configure:12229: checking for sysexits.h
configure:12236: result: yes
configure:12318: checking for vasnprintf
configure:12375: gcc -o conftest -g -O2   conftest.c  >&5
/tmp/cczJO4VW.o:(.data+0x0): undefined reference to `vasnprintf'
/tmp/cczJO4VW.o: In function `main':
/home/kanaujia/Desktop/ToKeep/Bulb_/cflow/cflow-1.0/conftest.c:127: undefined reference to `vasnprintf'
collect2: ld returned 1 exit status
configure:12381: $? = 1
configure: failed program was:
| /* confdefs.h.  */
| 
| #define PACKAGE_NAME "GNU cflow"
| #define PACKAGE_TARNAME "cflow"
| #define PACKAGE_VERSION "1.0"
| #define PACKAGE_STRING "GNU cflow 1.0"
| #define PACKAGE_BUGREPORT "bug-cflow@gnu.org"
| #define PACKAGE "cflow"
| #define VERSION "1.0"
| #define _GNU_SOURCE 1
| #define STDC_HEADERS 1
| #define HAVE_SYS_TYPES_H 1
| #define HAVE_SYS_STAT_H 1
| #define HAVE_STDLIB_H 1
| #define HAVE_STRING_H 1
| #define HAVE_MEMORY_H 1
| #define HAVE_STRINGS_H 1
| #define HAVE_INTTYPES_H 1
| #define HAVE_STDINT_H 1
| #define HAVE_UNISTD_H 1
| #define __EXTENSIONS__ 1
| #define STDC_HEADERS 1
| #define HAVE_STDLIB_H 1
| #define HAVE_STRING_H 1
| #define HAVE_UNISTD_H 1
| #define HAVE_LOCALE_H 1
| #define HAVE_MEMMOVE 1
| #define HAVE_MEMSET 1
| #define HAVE_STRDUP 1
| #define HAVE_STRERROR 1
| #define HAVE_STRTOL 1
| #define HAVE_SETLOCALE 1
| #define HAVE_DECL_PROGRAM_INVOCATION_NAME 1
| #define HAVE_ALLOCA_H 1
| #define HAVE_ALLOCA 1
| #define HAVE_DECL_CLEARERR_UNLOCKED 1
| #define HAVE_DECL_FEOF_UNLOCKED 1
| #define HAVE_DECL_FERROR_UNLOCKED 1
| #define HAVE_DECL_FFLUSH_UNLOCKED 1
| #define HAVE_DECL_FGETS_UNLOCKED 1
| #define HAVE_DECL_FPUTC_UNLOCKED 1
| #define HAVE_DECL_FPUTS_UNLOCKED 1
| #define HAVE_DECL_FREAD_UNLOCKED 1
| #define HAVE_DECL_FWRITE_UNLOCKED 1
| #define HAVE_DECL_GETC_UNLOCKED 1
| #define HAVE_DECL_GETCHAR_UNLOCKED 1
| #define HAVE_DECL_PUTC_UNLOCKED 1
| #define HAVE_DECL_PUTCHAR_UNLOCKED 1
| #define USE_UNLOCKED_IO 1
| #define __GETOPT_PREFIX rpl_
| #define HAVE_FLOCKFILE 1
| #define HAVE_FUNLOCKFILE 1
| #define HAVE_FEATURES_H 1
| #define HAVE_DECL_STRERROR_R 1
| #define HAVE_STRERROR_R 1
| #define STRERROR_R_CHAR_P 1
| #define HAVE__BOOL 1
| #define HAVE_STDBOOL_H 1
| #define LSTAT_FOLLOWS_SLASHED_SYMLINK 1
| #define HAVE_INTTYPES_H_WITH_UINTMAX 1
| #define HAVE_STDINT_H_WITH_UINTMAX 1
| #define HAVE_UNSIGNED_LONG_LONG 1
| #define HAVE_UINTMAX_T 1
| #define HAVE_LONG_LONG 1
| #define HAVE_LONG_DOUBLE 1
| #define HAVE_WCHAR_T 1
| #define HAVE_WINT_T 1
| #define HAVE_INTMAX_T 1
| #define HAVE_DECL_VSNPRINTF 1
| #define HAVE_STDINT_H 1
| #define HAVE_ALLOCA 1
| #define HAVE_ALLOCA_H 1
| #define HAVE_DECL_PROGRAM_INVOCATION_NAME 1
| #define HAVE_DECL_PROGRAM_INVOCATION_SHORT_NAME 1
| #define HAVE_STDLIB_H 1
| #define HAVE_MALLOC 1
| #define HAVE_MEMPCPY 1
| #define HAVE_OBSTACK 1
| #define restrict __restrict
| #define HAVE_STRCASECMP 1
| #define HAVE_STRNCASECMP 1
| #define HAVE_STRCHRNUL 1
| #define HAVE_STRNDUP 1
| #define HAVE_SYSEXITS_H 1
| #define USE_UNLOCKED_IO 1
| /* end confdefs.h.  */
| /* Define vasnprintf to an innocuous variant, in case <limits.h> declares vasnprintf.
|    For example, HP-UX 11i <limits.h> declares gettimeofday.  */
| #define vasnprintf innocuous_vasnprintf
| 
| /* System header to define __stub macros and hopefully few prototypes,
|     which can conflict with char vasnprintf (); below.
|     Prefer <limits.h> to <assert.h> if __STDC__ is defined, since
|     <limits.h> exists even on freestanding compilers.  */
| 
| #ifdef __STDC__
| # include <limits.h>
| #else
| # include <assert.h>
| #endif
| 
| #undef vasnprintf
| 
| /* Override any gcc2 internal prototype to avoid an error.  */
| #ifdef __cplusplus
| extern "C"
| {
| #endif
| /* We use char because int might match the return type of a gcc2
|    builtin and then its argument prototype would still apply.  */
| char vasnprintf ();
| /* The GNU C library defines this for functions which it implements
|     to always fail with ENOSYS.  Some functions are actually named
|     something starting with __ and the normal name is an alias.  */
| #if defined (__stub_vasnprintf) || defined (__stub___vasnprintf)
| choke me
| #else
| char (*f) () = vasnprintf;
| #endif
| #ifdef __cplusplus
| }
| #endif
| 
| int
| main ()
| {
| return f != vasnprintf;
|   ;
|   return 0;
| }
configure:12406: result: no
configure:12464: checking for ptrdiff_t
configure:12488: gcc -c -g -O2  conftest.c >&5
configure:12494: $? = 0
configure:12498: test -z 
			 || test ! -s conftest.err
configure:12501: $? = 0
configure:12504: test -s conftest.o
configure:12507: $? = 0
configure:12518: result: yes
configure:12542: checking for snprintf
configure:12599: gcc -o conftest -g -O2   conftest.c  >&5
conftest.c:112:6: warning: conflicting types for built-in function 'snprintf' [enabled by default]
configure:12605: $? = 0
configure:12609: test -z 
			 || test ! -s conftest.err
configure:12612: $? = 0
configure:12615: test -s conftest
configure:12618: $? = 0
configure:12630: result: yes
configure:12542: checking for wcslen
configure:12599: gcc -o conftest -g -O2   conftest.c  >&5
configure:12605: $? = 0
configure:12609: test -z 
			 || test ! -s conftest.err
configure:12612: $? = 0
configure:12615: test -s conftest
configure:12618: $? = 0
configure:12630: result: yes
configure:12652: checking for vsnprintf
configure:12709: gcc -o conftest -g -O2   conftest.c  >&5
conftest.c:114:6: warning: conflicting types for built-in function 'vsnprintf' [enabled by default]
configure:12715: $? = 0
configure:12719: test -z 
			 || test ! -s conftest.err
configure:12722: $? = 0
configure:12725: test -s conftest
configure:12728: $? = 0
configure:12740: result: yes
configure:12800: checking for stdint.h
configure:12805: result: yes
configure:13050: checking for emacs
configure:13079: result: no
configure:13050: checking for xemacs
configure:13079: result: no
configure:13100: checking where .elc files should go
configure:13129: result: ${datadir}/emacs/site-lisp
configure:13157: checking whether NLS is requested
configure:13166: result: yes
configure:13204: checking for msgfmt
0 translated messages.
configure:13235: result: /usr/bin/msgfmt
configure:13244: checking for gmsgfmt
configure:13275: result: /usr/bin/msgfmt
configure:13314: checking for xgettext
/usr/bin/xgettext: warning: file `/dev/null' extension `' is unknown; will try C
configure:13345: result: /usr/bin/xgettext
configure:13385: checking for msgmerge
configure:13415: result: /usr/bin/msgmerge
configure:13472: checking build system type
configure:13490: result: i686-pc-linux-gnu
configure:13498: checking host system type
configure:13512: result: i686-pc-linux-gnu
configure:13544: checking for ld used by GCC
configure:13608: result: /usr/bin/ld
configure:13617: checking if the linker (/usr/bin/ld) is GNU ld
configure:13630: result: yes
configure:13636: checking for shared library run path origin
configure:13649: result: done
configure:14065: checking for CFPreferencesCopyAppValue
configure:14090: gcc -o conftest -g -O2  -I/System/Library/Frameworks/CoreFoundation.framework/Headers  conftest.c  -framework CoreFoundation >&5
gcc: error: CoreFoundation: No such file or directory
configure:14096: $? = 1
configure: failed program was:
| /* confdefs.h.  */
| 
| #define PACKAGE_NAME "GNU cflow"
| #define PACKAGE_TARNAME "cflow"
| #define PACKAGE_VERSION "1.0"
| #define PACKAGE_STRING "GNU cflow 1.0"
| #define PACKAGE_BUGREPORT "bug-cflow@gnu.org"
| #define PACKAGE "cflow"
| #define VERSION "1.0"
| #define _GNU_SOURCE 1
| #define STDC_HEADERS 1
| #define HAVE_SYS_TYPES_H 1
| #define HAVE_SYS_STAT_H 1
| #define HAVE_STDLIB_H 1
| #define HAVE_STRING_H 1
| #define HAVE_MEMORY_H 1
| #define HAVE_STRINGS_H 1
| #define HAVE_INTTYPES_H 1
| #define HAVE_STDINT_H 1
| #define HAVE_UNISTD_H 1
| #define __EXTENSIONS__ 1
| #define STDC_HEADERS 1
| #define HAVE_STDLIB_H 1
| #define HAVE_STRING_H 1
| #define HAVE_UNISTD_H 1
| #define HAVE_LOCALE_H 1
| #define HAVE_MEMMOVE 1
| #define HAVE_MEMSET 1
| #define HAVE_STRDUP 1
| #define HAVE_STRERROR 1
| #define HAVE_STRTOL 1
| #define HAVE_SETLOCALE 1
| #define HAVE_DECL_PROGRAM_INVOCATION_NAME 1
| #define HAVE_ALLOCA_H 1
| #define HAVE_ALLOCA 1
| #define HAVE_DECL_CLEARERR_UNLOCKED 1
| #define HAVE_DECL_FEOF_UNLOCKED 1
| #define HAVE_DECL_FERROR_UNLOCKED 1
| #define HAVE_DECL_FFLUSH_UNLOCKED 1
| #define HAVE_DECL_FGETS_UNLOCKED 1
| #define HAVE_DECL_FPUTC_UNLOCKED 1
| #define HAVE_DECL_FPUTS_UNLOCKED 1
| #define HAVE_DECL_FREAD_UNLOCKED 1
| #define HAVE_DECL_FWRITE_UNLOCKED 1
| #define HAVE_DECL_GETC_UNLOCKED 1
| #define HAVE_DECL_GETCHAR_UNLOCKED 1
| #define HAVE_DECL_PUTC_UNLOCKED 1
| #define HAVE_DECL_PUTCHAR_UNLOCKED 1
| #define USE_UNLOCKED_IO 1
| #define __GETOPT_PREFIX rpl_
| #define HAVE_FLOCKFILE 1
| #define HAVE_FUNLOCKFILE 1
| #define HAVE_FEATURES_H 1
| #define HAVE_DECL_STRERROR_R 1
| #define HAVE_STRERROR_R 1
| #define STRERROR_R_CHAR_P 1
| #define HAVE__BOOL 1
| #define HAVE_STDBOOL_H 1
| #define LSTAT_FOLLOWS_SLASHED_SYMLINK 1
| #define HAVE_INTTYPES_H_WITH_UINTMAX 1
| #define HAVE_STDINT_H_WITH_UINTMAX 1
| #define HAVE_UNSIGNED_LONG_LONG 1
| #define HAVE_UINTMAX_T 1
| #define HAVE_LONG_LONG 1
| #define HAVE_LONG_DOUBLE 1
| #define HAVE_WCHAR_T 1
| #define HAVE_WINT_T 1
| #define HAVE_INTMAX_T 1
| #define HAVE_DECL_VSNPRINTF 1
| #define HAVE_STDINT_H 1
| #define HAVE_ALLOCA 1
| #define HAVE_ALLOCA_H 1
| #define HAVE_DECL_PROGRAM_INVOCATION_NAME 1
| #define HAVE_DECL_PROGRAM_INVOCATION_SHORT_NAME 1
| #define HAVE_STDLIB_H 1
| #define HAVE_MALLOC 1
| #define HAVE_MEMPCPY 1
| #define HAVE_OBSTACK 1
| #define restrict __restrict
| #define HAVE_STRCASECMP 1
| #define HAVE_STRNCASECMP 1
| #define HAVE_STRCHRNUL 1
| #define HAVE_STRNDUP 1
| #define HAVE_SYSEXITS_H 1
| #define USE_UNLOCKED_IO 1
| #define HAVE_PTRDIFF_T 1
| #define HAVE_SNPRINTF 1
| #define HAVE_WCSLEN 1
| #define HAVE_VSNPRINTF 1
| #define HAVE_STDINT_H 1
| #define PROGRAM_INVOCATION_NAME_DECLARED 1
| /* end confdefs.h.  */
| #include <CFPreferences.h>
| int
| main ()
| {
| CFPreferencesCopyAppValue(NULL, NULL)
|   ;
|   return 0;
| }
configure:14123: result: no
configure:14132: checking for CFLocaleCopyCurrent
configure:14157: gcc -o conftest -g -O2  -I/System/Library/Frameworks/CoreFoundation.framework/Headers  conftest.c  -framework CoreFoundation >&5
gcc: error: CoreFoundation: No such file or directory
configure:14163: $? = 1
configure: failed program was:
| /* confdefs.h.  */
| 
| #define PACKAGE_NAME "GNU cflow"
| #define PACKAGE_TARNAME "cflow"
| #define PACKAGE_VERSION "1.0"
| #define PACKAGE_STRING "GNU cflow 1.0"
| #define PACKAGE_BUGREPORT "bug-cflow@gnu.org"
| #define PACKAGE "cflow"
| #define VERSION "1.0"
| #define _GNU_SOURCE 1
| #define STDC_HEADERS 1
| #define HAVE_SYS_TYPES_H 1
| #define HAVE_SYS_STAT_H 1
| #define HAVE_STDLIB_H 1
| #define HAVE_STRING_H 1
| #define HAVE_MEMORY_H 1
| #define HAVE_STRINGS_H 1
| #define HAVE_INTTYPES_H 1
| #define HAVE_STDINT_H 1
| #define HAVE_UNISTD_H 1
| #define __EXTENSIONS__ 1
| #define STDC_HEADERS 1
| #define HAVE_STDLIB_H 1
| #define HAVE_STRING_H 1
| #define HAVE_UNISTD_H 1
| #define HAVE_LOCALE_H 1
| #define HAVE_MEMMOVE 1
| #define HAVE_MEMSET 1
| #define HAVE_STRDUP 1
| #define HAVE_STRERROR 1
| #define HAVE_STRTOL 1
| #define HAVE_SETLOCALE 1
| #define HAVE_DECL_PROGRAM_INVOCATION_NAME 1
| #define HAVE_ALLOCA_H 1
| #define HAVE_ALLOCA 1
| #define HAVE_DECL_CLEARERR_UNLOCKED 1
| #define HAVE_DECL_FEOF_UNLOCKED 1
| #define HAVE_DECL_FERROR_UNLOCKED 1
| #define HAVE_DECL_FFLUSH_UNLOCKED 1
| #define HAVE_DECL_FGETS_UNLOCKED 1
| #define HAVE_DECL_FPUTC_UNLOCKED 1
| #define HAVE_DECL_FPUTS_UNLOCKED 1
| #define HAVE_DECL_FREAD_UNLOCKED 1
| #define HAVE_DECL_FWRITE_UNLOCKED 1
| #define HAVE_DECL_GETC_UNLOCKED 1
| #define HAVE_DECL_GETCHAR_UNLOCKED 1
| #define HAVE_DECL_PUTC_UNLOCKED 1
| #define HAVE_DECL_PUTCHAR_UNLOCKED 1
| #define USE_UNLOCKED_IO 1
| #define __GETOPT_PREFIX rpl_
| #define HAVE_FLOCKFILE 1
| #define HAVE_FUNLOCKFILE 1
| #define HAVE_FEATURES_H 1
| #define HAVE_DECL_STRERROR_R 1
| #define HAVE_STRERROR_R 1
| #define STRERROR_R_CHAR_P 1
| #define HAVE__BOOL 1
| #define HAVE_STDBOOL_H 1
| #define LSTAT_FOLLOWS_SLASHED_SYMLINK 1
| #define HAVE_INTTYPES_H_WITH_UINTMAX 1
| #define HAVE_STDINT_H_WITH_UINTMAX 1
| #define HAVE_UNSIGNED_LONG_LONG 1
| #define HAVE_UINTMAX_T 1
| #define HAVE_LONG_LONG 1
| #define HAVE_LONG_DOUBLE 1
| #define HAVE_WCHAR_T 1
| #define HAVE_WINT_T 1
| #define HAVE_INTMAX_T 1
| #define HAVE_DECL_VSNPRINTF 1
| #define HAVE_STDINT_H 1
| #define HAVE_ALLOCA 1
| #define HAVE_ALLOCA_H 1
| #define HAVE_DECL_PROGRAM_INVOCATION_NAME 1
| #define HAVE_DECL_PROGRAM_INVOCATION_SHORT_NAME 1
| #define HAVE_STDLIB_H 1
| #define HAVE_MALLOC 1
| #define HAVE_MEMPCPY 1
| #define HAVE_OBSTACK 1
| #define restrict __restrict
| #define HAVE_STRCASECMP 1
| #define HAVE_STRNCASECMP 1
| #define HAVE_STRCHRNUL 1
| #define HAVE_STRNDUP 1
| #define HAVE_SYSEXITS_H 1
| #define USE_UNLOCKED_IO 1
| #define HAVE_PTRDIFF_T 1
| #define HAVE_SNPRINTF 1
| #define HAVE_WCSLEN 1
| #define HAVE_VSNPRINTF 1
| #define HAVE_STDINT_H 1
| #define PROGRAM_INVOCATION_NAME_DECLARED 1
| /* end confdefs.h.  */
| #include <CFLocale.h>
| int
| main ()
| {
| CFLocaleCopyCurrent();
|   ;
|   return 0;
| }
configure:14190: result: no
configure:14207: checking whether NLS is requested
configure:14216: result: yes
configure:14234: checking for GNU gettext in libc
configure:14258: gcc -o conftest -g -O2   conftest.c  >&5
configure:14264: $? = 0
configure:14268: test -z 
			 || test ! -s conftest.err
configure:14271: $? = 0
configure:14274: test -s conftest
configure:14277: $? = 0
configure:14289: result: yes
configure:14996: checking whether to use NLS
configure:14998: result: yes
configure:15001: checking where the gettext function comes from
configure:15012: result: libc
configure:15214: creating ./config.status

## ---------------------- ##
## Running config.status. ##
## ---------------------- ##

This file was extended by GNU cflow config.status 1.0, which was
generated by GNU Autoconf 2.59.  Invocation command line was

  CONFIG_FILES    = 
  CONFIG_HEADERS  = 
  CONFIG_LINKS    = 
  CONFIG_COMMANDS = 
  $ ./config.status 

on ubuntu

config.status:744: creating tests/Makefile
config.status:744: creating tests/atlocal
config.status:744: creating Makefile
config.status:744: creating lib/Makefile
config.status:744: creating src/Makefile
config.status:744: creating elisp/Makefile
config.status:744: creating po/Makefile.in
config.status:744: creating doc/Makefile
config.status:848: creating config.h
config.status:1320: executing depfiles commands
config.status:1320: executing default-1 commands
config.status:1320: executing tests/atconfig commands

## ---------------- ##
## Cache variables. ##
## ---------------- ##

ac_cv_build=i686-pc-linux-gnu
ac_cv_build_alias=i686-pc-linux-gnu
ac_cv_c_compiler_gnu=yes
ac_cv_c_inline=inline
ac_cv_decl_EOVERFLOW=yes
ac_cv_env_CC_set=
ac_cv_env_CC_value=
ac_cv_env_CFLAGS_set=
ac_cv_env_CFLAGS_value=
ac_cv_env_CPPFLAGS_set=
ac_cv_env_CPPFLAGS_value=
ac_cv_env_CPP_set=
ac_cv_env_CPP_value=
ac_cv_env_EMACSLOADPATH_set=
ac_cv_env_EMACSLOADPATH_value=
ac_cv_env_EMACS_set=
ac_cv_env_EMACS_value=
ac_cv_env_LDFLAGS_set=
ac_cv_env_LDFLAGS_value=
ac_cv_env_build_alias_set=
ac_cv_env_build_alias_value=
ac_cv_env_host_alias_set=
ac_cv_env_host_alias_value=
ac_cv_env_target_alias_set=
ac_cv_env_target_alias_value=
ac_cv_exeext=
ac_cv_func_alloca_works=yes
ac_cv_func_flockfile=yes
ac_cv_func_funlockfile=yes
ac_cv_func_lstat_dereferences_slashed_symlink=yes
ac_cv_func_lstat_empty_string_bug=no
ac_cv_func_malloc_0_nonnull=yes
ac_cv_func_memmove=yes
ac_cv_func_mempcpy=yes
ac_cv_func_memset=yes
ac_cv_func_obstack=yes
ac_cv_func_setlocale=yes
ac_cv_func_snprintf=yes
ac_cv_func_stat_empty_string_bug=no
ac_cv_func_strcasecmp=yes
ac_cv_func_strchrnul=yes
ac_cv_func_strdup=yes
ac_cv_func_strerror=yes
ac_cv_func_strerror_r=yes
ac_cv_func_strerror_r_char_p=yes
ac_cv_func_strncasecmp=yes
ac_cv_func_strndup=yes
ac_cv_func_strnlen_working=yes
ac_cv_func_strtol=yes
ac_cv_func_vasnprintf=no
ac_cv_func_vsnprintf=yes
ac_cv_func_wcslen=yes
ac_cv_have_decl_clearerr_unlocked=yes
ac_cv_have_decl_feof_unlocked=yes
ac_cv_have_decl_ferror_unlocked=yes
ac_cv_have_decl_fflush_unlocked=yes
ac_cv_have_decl_fgets_unlocked=yes
ac_cv_have_decl_fputc_unlocked=yes
ac_cv_have_decl_fputs_unlocked=yes
ac_cv_have_decl_fread_unlocked=yes
ac_cv_have_decl_fwrite_unlocked=yes
ac_cv_have_decl_getc_unlocked=yes
ac_cv_have_decl_getchar_unlocked=yes
ac_cv_have_decl_program_invocation_name=yes
ac_cv_have_decl_program_invocation_short_name=yes
ac_cv_have_decl_putc_unlocked=yes
ac_cv_have_decl_putchar_unlocked=yes
ac_cv_have_decl_strerror_r=yes
ac_cv_have_decl_vsnprintf=yes
ac_cv_header_features_h=yes
ac_cv_header_inttypes_h=yes
ac_cv_header_linewrap_h=no
ac_cv_header_locale_h=yes
ac_cv_header_memory_h=yes
ac_cv_header_minix_config_h=no
ac_cv_header_stat_broken=no
ac_cv_header_stdbool_h=yes
ac_cv_header_stdc=yes
ac_cv_header_stdint_h=yes
ac_cv_header_stdlib_h=yes
ac_cv_header_string_h=yes
ac_cv_header_strings_h=yes
ac_cv_header_sys_stat_h=yes
ac_cv_header_sys_types_h=yes
ac_cv_header_sysexits_h=yes
ac_cv_header_unistd_h=yes
ac_cv_host=i686-pc-linux-gnu
ac_cv_host_alias=i686-pc-linux-gnu
ac_cv_lib_error_at_line=yes
ac_cv_lib_fl_yywrap=no
ac_cv_lib_l_yywrap=no
ac_cv_objext=o
ac_cv_path_GMSGFMT=/usr/bin/msgfmt
ac_cv_path_MSGFMT=/usr/bin/msgfmt
ac_cv_path_MSGMERGE=/usr/bin/msgmerge
ac_cv_path_XGETTEXT=/usr/bin/xgettext
ac_cv_path_install='/usr/bin/install -c'
ac_cv_prog_AWK=mawk
ac_cv_prog_CPP='gcc -E'
ac_cv_prog_ac_ct_CC=gcc
ac_cv_prog_ac_ct_RANLIB=ranlib
ac_cv_prog_cc_g=yes
ac_cv_prog_cc_stdc=
ac_cv_prog_egrep='grep -E'
ac_cv_prog_make_make_set=yes
ac_cv_type__Bool=yes
ac_cv_type_long_long=yes
ac_cv_type_ptrdiff_t=yes
ac_cv_type_size_t=yes
ac_cv_type_unsigned_long_long=yes
ac_cv_working_alloca_h=yes
acl_cv_hardcode_direct=no
acl_cv_hardcode_libdir_flag_spec='${wl}-rpath ${wl}$libdir'
acl_cv_hardcode_libdir_separator=
acl_cv_hardcode_minus_L=no
acl_cv_libext=a
acl_cv_path_LD=/usr/bin/ld
acl_cv_prog_gnu_ld=yes
acl_cv_rpath=done
acl_cv_shlibext=so
acl_cv_wl=-Wl,
am_cv_CC_dependencies_compiler_type=gcc3
am_cv_lispdir='${datadir}/emacs/site-lisp'
bh_cv_c_signed=yes
gl_cv_c_restrict=__restrict
gl_cv_header_inttypes_h=yes
gl_cv_header_stdint_h=yes
gt_cv_c_intmax_t=yes
gt_cv_c_long_double=yes
gt_cv_c_wchar_t=yes
gt_cv_c_wint_t=yes
gt_cv_func_CFLocaleCopyCurrent=no
gt_cv_func_CFPreferencesCopyAppValue=no
gt_cv_func_gnugettext2_libc=yes

## ----------------- ##
## Output variables. ##
## ----------------- ##

ACLOCAL='${SHELL} /home/kanaujia/Desktop/ToKeep/Bulb_/cflow/cflow-1.0/build-aux/missing --run aclocal-1.9'
ALLOCA=''
ALLOCA_H='alloca.h'
AMDEPBACKSLASH='\'
AMDEP_FALSE='#'
AMDEP_TRUE=''
AMTAR='${SHELL} /home/kanaujia/Desktop/ToKeep/Bulb_/cflow/cflow-1.0/build-aux/missing --run tar'
AUTOCONF='${SHELL} /home/kanaujia/Desktop/ToKeep/Bulb_/cflow/cflow-1.0/build-aux/missing --run autoconf'
AUTOHEADER='${SHELL} /home/kanaujia/Desktop/ToKeep/Bulb_/cflow/cflow-1.0/build-aux/missing --run autoheader'
AUTOM4TE='${SHELL} /home/kanaujia/Desktop/ToKeep/Bulb_/cflow/cflow-1.0/build-aux/missing --run autom4te'
AUTOMAKE='${SHELL} /home/kanaujia/Desktop/ToKeep/Bulb_/cflow/cflow-1.0/build-aux/missing --run automake-1.9'
AWK='mawk'
CC='gcc'
CCDEPMODE='depmode=gcc3'
CFLAGS='-g -O2'
CPP='gcc -E'
CPPFLAGS=''
CYGPATH_W='echo'
DEFS='-DHAVE_CONFIG_H'
DEPDIR='.deps'
ECHO_C=''
ECHO_N='-n'
ECHO_T=''
EGREP='grep -E'
EMACS='no'
EMACSLOADPATH=''
EOVERFLOW=''
EXEEXT=''
GETOPT_H='getopt.h'
GMSGFMT='/usr/bin/msgfmt'
HAVE__BOOL='1'
INSTALL_DATA='${INSTALL} -m 644'
INSTALL_PROGRAM='${INSTALL}'
INSTALL_SCRIPT='${INSTALL}'
INSTALL_STRIP_PROGRAM='${SHELL} $(install_sh) -c -s'
INTLLIBS=''
INTL_MACOSX_LIBS=''
LDFLAGS=''
LEX=':'
LEXLIB=''
LEX_OUTPUT_ROOT=''
LIBICONV='-liconv'
LIBINTL=''
LIBOBJS=' getopt$U.o getopt1$U.o exitfail$U.o hash$U.o vasnprintf$U.o printf-args$U.o printf-parse$U.o asnprintf$U.o xmalloc$U.o'
LIBS=''
LTLIBICONV='-liconv'
LTLIBINTL=''
LTLIBOBJS=' getopt$U.lo getopt1$U.lo exitfail$U.lo hash$U.lo vasnprintf$U.lo printf-args$U.lo printf-parse$U.lo asnprintf$U.lo xmalloc$U.lo'
MAKEINFO='${SHELL} /home/kanaujia/Desktop/ToKeep/Bulb_/cflow/cflow-1.0/build-aux/missing --run makeinfo'
MKINSTALLDIRS='$(top_builddir)/build-aux/mkinstalldirs'
MSGFMT='/usr/bin/msgfmt'
MSGMERGE='/usr/bin/msgmerge'
OBJEXT='o'
PACKAGE='cflow'
PACKAGE_BUGREPORT='bug-cflow@gnu.org'
PACKAGE_NAME='GNU cflow'
PACKAGE_STRING='GNU cflow 1.0'
PACKAGE_TARNAME='cflow'
PACKAGE_VERSION='1.0'
PATH_SEPARATOR=':'
POSUB='po'
RANLIB='ranlib'
RENDITION='DISTRIB'
SET_MAKE=''
SHELL='/bin/bash'
STDBOOL_H=''
STRIP=''
SYSEXITS_H=''
USE_NLS='yes'
VERSION='1.0'
XGETTEXT='/usr/bin/xgettext'
ac_ct_CC='gcc'
ac_ct_RANLIB='ranlib'
ac_ct_STRIP=''
am__fastdepCC_FALSE='#'
am__fastdepCC_TRUE=''
am__include='include'
am__leading_dot='.'
am__quote=''
am__tar='${AMTAR} chof - "$$tardir"'
am__untar='${AMTAR} xf -'
bindir='${exec_prefix}/bin'
build='i686-pc-linux-gnu'
build_alias=''
build_cpu='i686'
build_os='linux-gnu'
build_vendor='pc'
datadir='${prefix}/share'
exec_prefix='${prefix}'
host='i686-pc-linux-gnu'
host_alias=''
host_cpu='i686'
host_os='linux-gnu'
host_vendor='pc'
includedir='${prefix}/include'
infodir='${prefix}/info'
install_sh='/home/kanaujia/Desktop/ToKeep/Bulb_/cflow/cflow-1.0/build-aux/install-sh'
libdir='${exec_prefix}/lib'
libexecdir='${exec_prefix}/libexec'
lisp_LISP=''
lispdir='${datadir}/emacs/site-lisp'
localstatedir='${prefix}/var'
mandir='${prefix}/man'
mkdir_p='mkdir -p --'
oldincludedir='/usr/include'
prefix='/usr/local'
program_transform_name='s,x,x,'
sbindir='${exec_prefix}/sbin'
sharedstatedir='${prefix}/com'
sysconfdir='${prefix}/etc'
target_alias=''

## ----------- ##
## confdefs.h. ##
## ----------- ##

#define ENABLE_NLS 1
#define HAVE_ALLOCA 1
#define HAVE_ALLOCA 1
#define HAVE_ALLOCA_H 1
#define HAVE_ALLOCA_H 1
#define HAVE_DCGETTEXT 1
#define HAVE_DECL_CLEARERR_UNLOCKED 1
#define HAVE_DECL_FEOF_UNLOCKED 1
#define HAVE_DECL_FERROR_UNLOCKED 1
#define HAVE_DECL_FFLUSH_UNLOCKED 1
#define HAVE_DECL_FGETS_UNLOCKED 1
#define HAVE_DECL_FPUTC_UNLOCKED 1
#define HAVE_DECL_FPUTS_UNLOCKED 1
#define HAVE_DECL_FREAD_UNLOCKED 1
#define HAVE_DECL_FWRITE_UNLOCKED 1
#define HAVE_DECL_GETCHAR_UNLOCKED 1
#define HAVE_DECL_GETC_UNLOCKED 1
#define HAVE_DECL_PROGRAM_INVOCATION_NAME 1
#define HAVE_DECL_PROGRAM_INVOCATION_NAME 1
#define HAVE_DECL_PROGRAM_INVOCATION_SHORT_NAME 1
#define HAVE_DECL_PUTCHAR_UNLOCKED 1
#define HAVE_DECL_PUTC_UNLOCKED 1
#define HAVE_DECL_STRERROR_R 1
#define HAVE_DECL_VSNPRINTF 1
#define HAVE_FEATURES_H 1
#define HAVE_FLOCKFILE 1
#define HAVE_FUNLOCKFILE 1
#define HAVE_GETTEXT 1
#define HAVE_INTMAX_T 1
#define HAVE_INTTYPES_H 1
#define HAVE_INTTYPES_H_WITH_UINTMAX 1
#define HAVE_LOCALE_H 1
#define HAVE_LONG_DOUBLE 1
#define HAVE_LONG_LONG 1
#define HAVE_MALLOC 1
#define HAVE_MEMMOVE 1
#define HAVE_MEMORY_H 1
#define HAVE_MEMPCPY 1
#define HAVE_MEMSET 1
#define HAVE_OBSTACK 1
#define HAVE_PTRDIFF_T 1
#define HAVE_SETLOCALE 1
#define HAVE_SNPRINTF 1
#define HAVE_STDBOOL_H 1
#define HAVE_STDINT_H 1
#define HAVE_STDINT_H 1
#define HAVE_STDINT_H 1
#define HAVE_STDINT_H_WITH_UINTMAX 1
#define HAVE_STDLIB_H 1
#define HAVE_STDLIB_H 1
#define HAVE_STDLIB_H 1
#define HAVE_STRCASECMP 1
#define HAVE_STRCHRNUL 1
#define HAVE_STRDUP 1
#define HAVE_STRERROR 1
#define HAVE_STRERROR_R 1
#define HAVE_STRINGS_H 1
#define HAVE_STRING_H 1
#define HAVE_STRING_H 1
#define HAVE_STRNCASECMP 1
#define HAVE_STRNDUP 1
#define HAVE_STRTOL 1
#define HAVE_SYSEXITS_H 1
#define HAVE_SYS_STAT_H 1
#define HAVE_SYS_TYPES_H 1
#define HAVE_UINTMAX_T 1
#define HAVE_UNISTD_H 1
#define HAVE_UNISTD_H 1
#define HAVE_UNSIGNED_LONG_LONG 1
#define HAVE_VSNPRINTF 1
#define HAVE_WCHAR_T 1
#define HAVE_WCSLEN 1
#define HAVE_WINT_T 1
#define HAVE__BOOL 1
#define LSTAT_FOLLOWS_SLASHED_SYMLINK 1
#define PACKAGE "cflow"
#define PACKAGE_BUGREPORT "bug-cflow@gnu.org"
#define PACKAGE_NAME "GNU cflow"
#define PACKAGE_STRING "GNU cflow 1.0"
#define PACKAGE_TARNAME "cflow"
#define PACKAGE_VERSION "1.0"
#define PROGRAM_INVOCATION_NAME_DECLARED 1
#define STDC_HEADERS 1
#define STDC_HEADERS 1
#define STRERROR_R_CHAR_P 1
#define USE_UNLOCKED_IO 1
#define USE_UNLOCKED_IO 1
#define VERSION "1.0"
#define _GNU_SOURCE 1
#define __EXTENSIONS__ 1
#define __GETOPT_PREFIX rpl_
#define restrict __restrict

configure: exit 0
